2025-07-26 12:19:44,122 - tax_crawler - ERROR - search_company:55 - Error searching for tax code 5901218071: [WinError 193] %1 is not a valid Win32 application
2025-07-26 12:19:51,539 - tax_crawler - ERROR - search_company:55 - Error searching for tax code 5901218071: [WinError 193] %1 is not a valid Win32 application
2025-07-26 12:20:18,385 - tax_crawler - ERROR - search_company:55 - Error searching for tax code 5901218071: [WinError 193] %1 is not a valid Win32 application
2025-07-26 12:22:00,968 - tax_crawler - ERROR - search_company:55 - Error searching for tax code 5901218071: [WinError 193] %1 is not a valid Win32 application
2025-07-26 12:43:53,841 - tax_crawler - ERROR - search_company:56 - Error searching for tax code 5901218071: [WinError 233] No process is on the other end of the pipe
2025-07-26 12:44:20,196 - tax_crawler - ERROR - search_company:56 - Error searching for tax code 5901218071: [WinError 233] No process is on the other end of the pipe
2025-07-26 12:44:22,133 - tax_crawler - ERROR - search_company:56 - Error searching for tax code 5901218071: [WinError 233] No process is on the other end of the pipe
2025-07-26 12:44:35,777 - tax_crawler - ERROR - search_company:56 - Error searching for tax code 5901218071: [WinError 233] No process is on the other end of the pipe
2025-07-26 12:45:43,634 - tax_crawler - ERROR - search_company:56 - Error searching for tax code 5901218071: [WinError 233] No process is on the other end of the pipe
2025-07-26 12:45:46,087 - tax_crawler - ERROR - search_company:56 - Error searching for tax code 5901218071: [WinError 233] No process is on the other end of the pipe
2025-07-26 12:45:53,884 - tax_crawler - ERROR - search_company:56 - Error searching for tax code 5901218071: [WinError 233] No process is on the other end of the pipe
2025-07-26 12:45:57,767 - tax_crawler - ERROR - search_company:56 - Error searching for tax code 5901218071: [WinError 233] No process is on the other end of the pipe
2025-07-26 12:46:00,698 - tax_crawler - ERROR - search_company:56 - Error searching for tax code 5901218071: [WinError 233] No process is on the other end of the pipe
2025-07-26 12:46:39,883 - tax_crawler - ERROR - search_company:56 - Error searching for tax code 5901218071: [WinError 233] No process is on the other end of the pipe
2025-07-26 12:46:43,169 - tax_crawler - ERROR - search_company:56 - Error searching for tax code 5901218071: [WinError 233] No process is on the other end of the pipe
2025-07-26 12:46:44,438 - tax_crawler - ERROR - search_company:56 - Error searching for tax code 5901218071: [WinError 233] No process is on the other end of the pipe
2025-07-26 12:46:45,362 - tax_crawler - ERROR - search_company:56 - Error searching for tax code 5901218071: [WinError 233] No process is on the other end of the pipe
2025-07-26 12:47:34,057 - tax_crawler - ERROR - search_company:56 - Error searching for tax code 5901218071: [WinError 233] No process is on the other end of the pipe
2025-07-26 12:48:04,719 - tax_crawler - ERROR - search_company:56 - Error searching for tax code 5901218071: [WinError 233] No process is on the other end of the pipe
2025-07-26 12:48:25,050 - tax_crawler - ERROR - search_company:56 - Error searching for tax code 5901218071: [WinError 233] No process is on the other end of the pipe
2025-07-26 12:48:40,554 - tax_crawler - ERROR - search_company:56 - Error searching for tax code 5901218071: [WinError 233] No process is on the other end of the pipe
2025-07-26 12:48:42,370 - tax_crawler - ERROR - search_company:56 - Error searching for tax code 5901218071: [WinError 233] No process is on the other end of the pipe
2025-07-26 12:48:46,483 - tax_crawler - ERROR - search_company:56 - Error searching for tax code 5901218071: [WinError 233] No process is on the other end of the pipe
2025-07-26 12:50:07,110 - tax_crawler - ERROR - search_company:56 - Error searching for tax code 5901218071: [WinError 233] No process is on the other end of the pipe
2025-07-26 12:50:10,277 - tax_crawler - ERROR - search_company:56 - Error searching for tax code 5901218071: [WinError 233] No process is on the other end of the pipe
2025-07-26 12:50:11,240 - tax_crawler - ERROR - search_company:56 - Error searching for tax code 5901218071: [WinError 233] No process is on the other end of the pipe
2025-07-26 12:50:12,286 - tax_crawler - ERROR - search_company:56 - Error searching for tax code 5901218071: [WinError 233] No process is on the other end of the pipe
2025-07-26 12:50:13,477 - tax_crawler - ERROR - search_company:56 - Error searching for tax code 5901218071: [WinError 233] No process is on the other end of the pipe
2025-07-26 12:50:13,604 - tax_crawler - ERROR - search_company:56 - Error searching for tax code 5901218071: [WinError 233] No process is on the other end of the pipe
2025-07-26 12:50:13,756 - tax_crawler - ERROR - search_company:56 - Error searching for tax code 5901218071: [WinError 233] No process is on the other end of the pipe
2025-07-26 12:50:14,208 - tax_crawler - ERROR - search_company:56 - Error searching for tax code 5901218071: [WinError 233] No process is on the other end of the pipe
2025-07-26 12:50:14,330 - tax_crawler - ERROR - search_company:56 - Error searching for tax code 5901218071: [WinError 233] No process is on the other end of the pipe
2025-07-26 12:50:14,463 - tax_crawler - ERROR - search_company:56 - Error searching for tax code 5901218071: [WinError 233] No process is on the other end of the pipe
2025-07-26 12:50:21,116 - tax_crawler - ERROR - search_company:56 - Error searching for tax code 5901218071: [WinError 233] No process is on the other end of the pipe
2025-07-26 12:50:21,382 - tax_crawler - ERROR - search_company:56 - Error searching for tax code 5901218071: [WinError 233] No process is on the other end of the pipe
2025-07-26 12:50:21,610 - tax_crawler - ERROR - search_company:56 - Error searching for tax code 5901218071: [WinError 233] No process is on the other end of the pipe
2025-07-26 12:50:21,863 - tax_crawler - ERROR - search_company:56 - Error searching for tax code 5901218071: [WinError 233] No process is on the other end of the pipe
2025-07-26 12:50:22,164 - tax_crawler - ERROR - search_company:56 - Error searching for tax code 5901218071: [WinError 233] No process is on the other end of the pipe
2025-07-26 12:50:22,393 - tax_crawler - ERROR - search_company:56 - Error searching for tax code 5901218071: [WinError 233] No process is on the other end of the pipe
2025-07-26 12:50:22,534 - tax_crawler - ERROR - search_company:56 - Error searching for tax code 5901218071: [WinError 233] No process is on the other end of the pipe
2025-07-26 12:50:22,710 - tax_crawler - ERROR - search_company:56 - Error searching for tax code 5901218071: [WinError 233] No process is on the other end of the pipe
2025-07-26 12:50:22,880 - tax_crawler - ERROR - search_company:56 - Error searching for tax code 5901218071: [WinError 233] No process is on the other end of the pipe
2025-07-26 12:50:23,058 - tax_crawler - ERROR - search_company:56 - Error searching for tax code 5901218071: [WinError 233] No process is on the other end of the pipe
2025-07-26 12:50:23,234 - tax_crawler - ERROR - search_company:56 - Error searching for tax code 5901218071: [WinError 233] No process is on the other end of the pipe
2025-07-26 12:50:23,427 - tax_crawler - ERROR - search_company:56 - Error searching for tax code 5901218071: [WinError 233] No process is on the other end of the pipe
2025-07-26 12:50:23,576 - tax_crawler - ERROR - search_company:56 - Error searching for tax code 5901218071: [WinError 233] No process is on the other end of the pipe
2025-07-26 12:50:23,706 - tax_crawler - ERROR - search_company:56 - Error searching for tax code 5901218071: [WinError 233] No process is on the other end of the pipe
2025-07-26 12:50:24,694 - tax_crawler - ERROR - search_company:56 - Error searching for tax code 5901218071: [WinError 233] No process is on the other end of the pipe
2025-07-26 12:50:25,454 - tax_crawler - ERROR - search_company:56 - Error searching for tax code 5901218071: [WinError 233] No process is on the other end of the pipe
2025-07-26 12:50:25,647 - tax_crawler - ERROR - search_company:56 - Error searching for tax code 5901218071: [WinError 233] No process is on the other end of the pipe
2025-07-26 12:50:25,835 - tax_crawler - ERROR - search_company:56 - Error searching for tax code 5901218071: [WinError 233] No process is on the other end of the pipe
2025-07-26 12:50:27,892 - tax_crawler - ERROR - search_company:56 - Error searching for tax code 5901218071: [WinError 233] No process is on the other end of the pipe
2025-07-26 12:50:28,095 - tax_crawler - ERROR - search_company:56 - Error searching for tax code 5901218071: [WinError 233] No process is on the other end of the pipe
2025-07-26 12:50:28,281 - tax_crawler - ERROR - search_company:56 - Error searching for tax code 5901218071: [WinError 233] No process is on the other end of the pipe
2025-07-26 12:50:28,477 - tax_crawler - ERROR - search_company:56 - Error searching for tax code 5901218071: [WinError 233] No process is on the other end of the pipe
2025-07-26 12:50:28,683 - tax_crawler - ERROR - search_company:56 - Error searching for tax code 5901218071: [WinError 233] No process is on the other end of the pipe
2025-07-26 12:50:28,869 - tax_crawler - ERROR - search_company:56 - Error searching for tax code 5901218071: [WinError 233] No process is on the other end of the pipe
2025-07-26 12:50:29,047 - tax_crawler - ERROR - search_company:56 - Error searching for tax code 5901218071: [WinError 233] No process is on the other end of the pipe
2025-07-26 12:50:29,229 - tax_crawler - ERROR - search_company:56 - Error searching for tax code 5901218071: [WinError 233] No process is on the other end of the pipe
2025-07-26 12:50:29,389 - tax_crawler - ERROR - search_company:56 - Error searching for tax code 5901218071: [WinError 233] No process is on the other end of the pipe
2025-07-26 12:50:42,491 - tax_crawler - ERROR - search_company:56 - Error searching for tax code 5901218071: [WinError 233] No process is on the other end of the pipe
2025-07-26 12:50:42,767 - tax_crawler - ERROR - search_company:56 - Error searching for tax code 5901218071: [WinError 233] No process is on the other end of the pipe
2025-07-26 12:50:42,999 - tax_crawler - ERROR - search_company:56 - Error searching for tax code 5901218071: [WinError 233] No process is on the other end of the pipe
2025-07-26 12:50:43,427 - tax_crawler - ERROR - search_company:56 - Error searching for tax code 5901218071: [WinError 233] No process is on the other end of the pipe
2025-07-26 12:50:43,658 - tax_crawler - ERROR - search_company:56 - Error searching for tax code 5901218071: [WinError 233] No process is on the other end of the pipe
2025-07-26 12:50:44,172 - tax_crawler - ERROR - search_company:56 - Error searching for tax code 5901218071: [WinError 233] No process is on the other end of the pipe
2025-07-26 12:50:44,907 - tax_crawler - ERROR - search_company:56 - Error searching for tax code 5901218071: [WinError 233] No process is on the other end of the pipe
2025-07-26 12:50:45,767 - tax_crawler - ERROR - search_company:56 - Error searching for tax code 5901218071: [WinError 233] No process is on the other end of the pipe
2025-07-26 12:51:02,792 - tax_crawler - ERROR - search_company:56 - Error searching for tax code 5901218071: [WinError 233] No process is on the other end of the pipe
2025-07-26 12:52:41,554 - tax_crawler - ERROR - search_company:56 - Error searching for tax code 5901218071: [WinError 233] No process is on the other end of the pipe
2025-07-26 12:53:19,365 - tax_crawler - ERROR - search_company:56 - Error searching for tax code 5901218071: [WinError 233] No process is on the other end of the pipe
2025-07-26 12:55:06,711 - tax_crawler - ERROR - search_company:56 - Error searching for tax code 5901218071: [WinError 233] No process is on the other end of the pipe
2025-07-26 12:57:27,683 - tax_crawler - ERROR - search_company:56 - Error searching for tax code a: [WinError 233] No process is on the other end of the pipe
2025-07-26 13:00:34,279 - tax_crawler - ERROR - search_company:56 - Error searching for tax code a: [WinError 233] No process is on the other end of the pipe
2025-07-26 13:00:36,550 - tax_crawler - ERROR - search_company:56 - Error searching for tax code a: [WinError 233] No process is on the other end of the pipe
2025-07-26 13:00:37,668 - tax_crawler - ERROR - search_company:56 - Error searching for tax code a: [WinError 233] No process is on the other end of the pipe
2025-07-26 13:00:47,525 - tax_crawler - ERROR - search_company:56 - Error searching for tax code a: [WinError 233] No process is on the other end of the pipe
2025-07-26 13:01:45,845 - tax_crawler - ERROR - search_company:56 - Error searching for tax code a: [WinError 233] No process is on the other end of the pipe
2025-07-26 13:01:46,761 - tax_crawler - ERROR - search_company:56 - Error searching for tax code a: [WinError 233] No process is on the other end of the pipe
2025-07-26 13:01:46,951 - tax_crawler - ERROR - search_company:56 - Error searching for tax code a: [WinError 233] No process is on the other end of the pipe
2025-07-26 13:01:47,140 - tax_crawler - ERROR - search_company:56 - Error searching for tax code a: [WinError 233] No process is on the other end of the pipe
2025-07-26 13:01:47,621 - tax_crawler - ERROR - search_company:56 - Error searching for tax code a: [WinError 233] No process is on the other end of the pipe
2025-07-26 13:01:47,837 - tax_crawler - ERROR - search_company:56 - Error searching for tax code a: [WinError 233] No process is on the other end of the pipe
2025-07-26 13:01:47,986 - tax_crawler - ERROR - search_company:56 - Error searching for tax code a: [WinError 233] No process is on the other end of the pipe
2025-07-26 13:01:48,177 - tax_crawler - ERROR - search_company:56 - Error searching for tax code a: [WinError 233] No process is on the other end of the pipe
2025-07-26 13:01:49,206 - tax_crawler - ERROR - search_company:56 - Error searching for tax code a: [WinError 233] No process is on the other end of the pipe
2025-07-26 13:06:20,072 - tax_crawler - ERROR - search_company:56 - Error searching for tax code a: [WinError 193] %1 is not a valid Win32 application
2025-07-26 13:08:33,835 - tax_crawler - ERROR - search_company:56 - Error searching for tax code a: [WinError 193] %1 is not a valid Win32 application
2025-07-26 13:08:43,439 - tax_crawler - ERROR - search_company:56 - Error searching for tax code a: [WinError 193] %1 is not a valid Win32 application
2025-07-26 13:08:44,840 - tax_crawler - ERROR - search_company:56 - Error searching for tax code a: [WinError 193] %1 is not a valid Win32 application
2025-07-26 13:08:46,169 - tax_crawler - ERROR - search_company:56 - Error searching for tax code a: [WinError 193] %1 is not a valid Win32 application
2025-07-26 13:09:15,300 - tax_crawler - ERROR - search_company:56 - Error searching for tax code 5901218071: [WinError 193] %1 is not a valid Win32 application
2025-07-26 13:10:58,471 - tax_crawler - ERROR - search_company:56 - Error searching for tax code 5901218071: [WinError 193] %1 is not a valid Win32 application
2025-07-26 13:12:02,415 - tax_crawler - ERROR - search_company:56 - Error searching for tax code 5901218071: [WinError 193] %1 is not a valid Win32 application
2025-07-26 13:19:46,860 - tax_crawler - ERROR - search_company:56 - Error searching for tax code 5901218071: list index out of range
2025-07-26 13:20:14,810 - tax_crawler - ERROR - search_company:56 - Error searching for tax code 5901218071: list index out of range
2025-07-26 13:21:48,524 - tax_crawler - ERROR - search_company:56 - Error searching for tax code 5901218071: list index out of range
2025-07-26 13:22:07,119 - tax_crawler - ERROR - search_company:56 - Error searching for tax code 5901218071: Không thể khởi tạo Chrome WebDriver. Lỗi: Message: Service ./chromedriver.exe unexpectedly exited. Status code was: 3221225786

2025-07-26 13:28:29,070 - tax_crawler - ERROR - search_company:56 - Error searching for tax code 5901218071: list index out of range
2025-07-26 13:28:36,710 - tax_crawler - ERROR - search_company:56 - Error searching for tax code 5901218071: list index out of range
2025-07-26 13:32:01,211 - tax_crawler - ERROR - search_company:56 - Error searching for tax code 5901218071: list index out of range
2025-07-26 13:33:08,285 - tax_crawler - ERROR - search_company:56 - Error searching for tax code 5901218071: list index out of range
2025-07-26 13:33:37,612 - tax_crawler - ERROR - search_company:56 - Error searching for tax code 5901218071: list index out of range
2025-07-26 13:34:39,070 - tax_crawler - ERROR - search_company:56 - Error searching for tax code 5901218071: list index out of range
2025-07-26 13:36:49,821 - tax_crawler - ERROR - search_company:56 - Error searching for tax code 5901218071: list index out of range
2025-07-26 15:18:55,844 - tax_crawler - ERROR - search_company:56 - Error searching for tax code 5901218071: list index out of range
2025-07-26 15:31:45,847 - tax_crawler - ERROR - search_company:56 - Error searching for tax code 5901218071: Không tìm thấy dữ liệu nntJson trong response
2025-07-26 15:32:17,017 - tax_crawler - ERROR - search_company:56 - Error searching for tax code 5901218071: Không tìm thấy dữ liệu nntJson trong response
2025-07-26 15:32:46,933 - tax_crawler - ERROR - search_company:56 - Error searching for tax code 5901218071: Không tìm thấy dữ liệu nntJson trong response
2025-07-26 15:34:45,193 - tax_crawler - ERROR - search_company:56 - Error searching for tax code 5901218071: 'module' object is not callable
2025-07-26 15:38:13,276 - tax_crawler - ERROR - search_company:56 - Error searching for tax code 5901218071: Không tìm thấy dữ liệu nntJson trong response
2025-07-26 16:11:05,489 - tax_crawler - ERROR - search_company:56 - Error searching for tax code 5901218071: Không tìm thấy dữ liệu nntJson trong response
2025-07-26 16:11:27,571 - tax_crawler - ERROR - search_company:56 - Error searching for tax code 5901218071: Không tìm thấy dữ liệu nntJson trong response
2025-07-26 16:11:56,421 - tax_crawler - ERROR - search_company:56 - Error searching for tax code 5901218071: Không tìm thấy dữ liệu nntJson trong response
2025-07-26 16:13:38,383 - tax_crawler - ERROR - search_company:56 - Error searching for tax code 5901218071: Không tìm thấy dữ liệu nntJson trong response
2025-07-26 16:16:08,061 - tax_crawler - ERROR - search_company:56 - Error searching for tax code 5901218071: Không tìm thấy dữ liệu nntJson trong response
2025-07-26 16:25:06,045 - tax_crawler - ERROR - search_company:56 - Error searching for tax code 5901218071: 'message'
2025-07-26 16:27:46,039 - tax_crawler - ERROR - search_company:56 - Error searching for tax code 5901218071: Không tìm thấy dữ liệu nntJson trong response
2025-07-26 16:28:42,396 - tax_crawler - ERROR - search_company:56 - Error searching for tax code 5901218071: Không tìm thấy dữ liệu nntJson trong response
2025-07-26 16:38:39,582 - tax_crawler - ERROR - search_company:56 - Error searching for tax code 5901218071: Không tìm thấy dữ liệu nntJson trong response
2025-07-26 16:39:01,617 - tax_crawler - ERROR - search_company:56 - Error searching for tax code 5901218071: Không tìm thấy dữ liệu nntJson trong response
2025-07-26 16:39:34,109 - tax_crawler - ERROR - search_company:56 - Error searching for tax code 5901218071: Không tìm thấy dữ liệu nntJson trong response
2025-07-26 16:39:59,676 - tax_crawler - ERROR - search_company:56 - Error searching for tax code 5901218071: Không tìm thấy dữ liệu nntJson trong response
2025-07-26 16:40:28,734 - tax_crawler - ERROR - search_company:56 - Error searching for tax code 5901218071: Không tìm thấy dữ liệu nntJson trong response
2025-07-26 16:40:51,750 - tax_crawler - ERROR - search_company:56 - Error searching for tax code 5901218071: Không tìm thấy dữ liệu nntJson trong response
2025-07-26 16:43:16,874 - tax_crawler - ERROR - search_company:56 - Error searching for tax code 5901218071: Không tìm thấy dữ liệu nntJson trong response
2025-07-26 16:45:25,075 - tax_crawler - ERROR - search_company:56 - Error searching for tax code 0109061850: Không tìm thấy dữ liệu nntJson trong response
2025-07-26 16:46:20,066 - tax_crawler - ERROR - search_company:56 - Error searching for tax code 0109061850: Không tìm thấy dữ liệu nntJson trong response
2025-07-26 17:03:57,486 - tax_crawler - ERROR - search_company:56 - Error searching for tax code 0109061850: Message: invalid session id: session deleted as the browser has closed the connection
from disconnected: not connected to DevTools
  (Session info: chrome=138.0.7204.169)
Stacktrace:
	GetHandleVerifier [0x0x7ff7339ee935+77845]
	GetHandleVerifier [0x0x7ff7339ee990+77936]
	(No symbol) [0x0x7ff7337a9cda]
	(No symbol) [0x0x7ff733795f35]
	(No symbol) [0x0x7ff7337baabe]
	(No symbol) [0x0x7ff73382feb5]
	(No symbol) [0x0x7ff733850432]
	(No symbol) [0x0x7ff7338286a3]
	(No symbol) [0x0x7ff7337f1791]
	(No symbol) [0x0x7ff7337f2523]
	GetHandleVerifier [0x0x7ff733cc684d+3059501]
	GetHandleVerifier [0x0x7ff733cc0c0d+3035885]
	GetHandleVerifier [0x0x7ff733ce0400+3164896]
	GetHandleVerifier [0x0x7ff733a08c3e+185118]
	GetHandleVerifier [0x0x7ff733a1054f+216111]
	GetHandleVerifier [0x0x7ff7339f72e4+113092]
	GetHandleVerifier [0x0x7ff7339f7499+113529]
	GetHandleVerifier [0x0x7ff7339de298+10616]
	BaseThreadInitThunk [0x0x7ffd730d7374+20]
	RtlUserThreadStart [0x0x7ffd73a7cc91+33]

2025-07-26 17:04:52,110 - tax_crawler - ERROR - search_company:56 - Error searching for tax code 0109061850: Không tìm thấy dữ liệu nntJson trong response
